[2023-01-30 21:54:04,715][train.py][line:123][INFO] start training!
[2023-01-30 22:09:18,203][train.py][line:128][INFO] Epoch:[0/300]	 train_loss=7.95837	 acc1=0.044 acc5=0.214
[2023-01-30 22:09:48,279][train.py][line:131][INFO] Epoch:[0/300]	 val_loss=7.88096	 acc1=0.032 acc5=0.238
[2023-01-30 22:25:02,764][train.py][line:128][INFO] Epoch:[1/300]	 train_loss=7.89694	 acc1=0.030 acc5=0.215
[2023-01-30 22:25:32,832][train.py][line:131][INFO] Epoch:[1/300]	 val_loss=7.87546	 acc1=0.032 acc5=0.175
[2023-01-30 22:40:47,701][train.py][line:128][INFO] Epoch:[2/300]	 train_loss=7.88295	 acc1=0.057 acc5=0.221
[2023-01-30 22:41:17,848][train.py][line:131][INFO] Epoch:[2/300]	 val_loss=7.87495	 acc1=0.048 acc5=0.334
[2023-01-30 22:56:32,795][train.py][line:128][INFO] Epoch:[3/300]	 train_loss=7.87658	 acc1=0.064 acc5=0.231
[2023-01-30 22:57:02,885][train.py][line:131][INFO] Epoch:[3/300]	 val_loss=7.87412	 acc1=0.048 acc5=0.207
[2023-01-30 23:12:17,121][train.py][line:128][INFO] Epoch:[4/300]	 train_loss=7.87154	 acc1=0.071 acc5=0.247
[2023-01-30 23:12:47,245][train.py][line:131][INFO] Epoch:[4/300]	 val_loss=7.87017	 acc1=0.079 acc5=0.318
[2023-01-30 23:28:03,413][train.py][line:128][INFO] Epoch:[5/300]	 train_loss=7.86951	 acc1=0.039 acc5=0.251
[2023-01-30 23:28:33,464][train.py][line:131][INFO] Epoch:[5/300]	 val_loss=7.87013	 acc1=0.111 acc5=0.350
[2023-01-30 23:43:48,442][train.py][line:128][INFO] Epoch:[6/300]	 train_loss=7.86539	 acc1=0.071 acc5=0.277
[2023-01-30 23:44:18,588][train.py][line:131][INFO] Epoch:[6/300]	 val_loss=7.86776	 acc1=0.016 acc5=0.254
[2023-01-30 23:59:32,933][train.py][line:128][INFO] Epoch:[7/300]	 train_loss=7.86127	 acc1=0.076 acc5=0.344
[2023-01-31 00:00:03,086][train.py][line:131][INFO] Epoch:[7/300]	 val_loss=7.86547	 acc1=0.064 acc5=0.477
[2023-01-31 00:15:17,166][train.py][line:128][INFO] Epoch:[8/300]	 train_loss=7.85520	 acc1=0.067 acc5=0.337
[2023-01-31 00:15:47,413][train.py][line:131][INFO] Epoch:[8/300]	 val_loss=7.85859	 acc1=0.064 acc5=0.318
[2023-01-31 00:31:01,504][train.py][line:128][INFO] Epoch:[9/300]	 train_loss=7.84677	 acc1=0.092 acc5=0.394
[2023-01-31 00:31:31,625][train.py][line:131][INFO] Epoch:[9/300]	 val_loss=7.84925	 acc1=0.127 acc5=0.477
[2023-01-31 00:46:46,663][train.py][line:128][INFO] Epoch:[10/300]	 train_loss=7.83405	 acc1=0.092 acc5=0.456
[2023-01-31 00:47:16,794][train.py][line:131][INFO] Epoch:[10/300]	 val_loss=7.83532	 acc1=0.191 acc5=0.667
[2023-01-31 01:02:32,176][train.py][line:128][INFO] Epoch:[11/300]	 train_loss=7.81199	 acc1=0.111 acc5=0.549
[2023-01-31 01:03:02,265][train.py][line:131][INFO] Epoch:[11/300]	 val_loss=7.80657	 acc1=0.207 acc5=0.747
[2023-01-31 01:18:18,347][train.py][line:128][INFO] Epoch:[12/300]	 train_loss=7.77778	 acc1=0.148 acc5=0.690
[2023-01-31 01:18:48,406][train.py][line:131][INFO] Epoch:[12/300]	 val_loss=7.75289	 acc1=0.191 acc5=0.779
[2023-01-31 01:34:02,728][train.py][line:128][INFO] Epoch:[13/300]	 train_loss=7.72022	 acc1=0.157 acc5=0.706
[2023-01-31 01:34:32,830][train.py][line:131][INFO] Epoch:[13/300]	 val_loss=7.67660	 acc1=0.254 acc5=0.842
[2023-01-31 01:49:49,068][train.py][line:128][INFO] Epoch:[14/300]	 train_loss=7.65091	 acc1=0.191 acc5=0.809
[2023-01-31 01:50:19,245][train.py][line:131][INFO] Epoch:[14/300]	 val_loss=7.59455	 acc1=0.191 acc5=0.874
[2023-01-31 02:05:33,780][train.py][line:128][INFO] Epoch:[15/300]	 train_loss=7.57750	 acc1=0.222 acc5=0.913
[2023-01-31 02:06:04,235][train.py][line:131][INFO] Epoch:[15/300]	 val_loss=7.50213	 acc1=0.334 acc5=1.224
[2023-01-31 02:21:20,026][train.py][line:128][INFO] Epoch:[16/300]	 train_loss=7.50292	 acc1=0.221 acc5=1.045
[2023-01-31 02:21:50,184][train.py][line:131][INFO] Epoch:[16/300]	 val_loss=7.41841	 acc1=0.334 acc5=1.319
[2023-01-31 02:37:04,742][train.py][line:128][INFO] Epoch:[17/300]	 train_loss=7.42387	 acc1=0.311 acc5=1.208
[2023-01-31 02:37:34,955][train.py][line:131][INFO] Epoch:[17/300]	 val_loss=7.32295	 acc1=0.509 acc5=1.812
[2023-01-31 02:52:50,453][train.py][line:128][INFO] Epoch:[18/300]	 train_loss=7.33973	 acc1=0.343 acc5=1.319
[2023-01-31 02:53:20,681][train.py][line:131][INFO] Epoch:[18/300]	 val_loss=7.23302	 acc1=0.493 acc5=2.050
[2023-01-31 03:08:35,321][train.py][line:128][INFO] Epoch:[19/300]	 train_loss=7.24834	 acc1=0.403 acc5=1.762
[2023-01-31 03:09:05,536][train.py][line:131][INFO] Epoch:[19/300]	 val_loss=7.13111	 acc1=0.636 acc5=2.447
[2023-01-31 03:24:21,269][train.py][line:128][INFO] Epoch:[20/300]	 train_loss=7.16465	 acc1=0.531 acc5=1.967
[2023-01-31 03:24:51,392][train.py][line:131][INFO] Epoch:[20/300]	 val_loss=7.03845	 acc1=0.731 acc5=3.035
[2023-01-31 03:40:06,975][train.py][line:128][INFO] Epoch:[21/300]	 train_loss=7.06563	 acc1=0.540 acc5=2.281
[2023-01-31 03:40:37,079][train.py][line:131][INFO] Epoch:[21/300]	 val_loss=6.94707	 acc1=0.842 acc5=3.242
[2023-01-31 03:55:52,544][train.py][line:128][INFO] Epoch:[22/300]	 train_loss=6.98771	 acc1=0.743 acc5=2.770
[2023-01-31 03:56:22,728][train.py][line:131][INFO] Epoch:[22/300]	 val_loss=6.86595	 acc1=1.001 acc5=3.861
[2023-01-31 04:11:38,440][train.py][line:128][INFO] Epoch:[23/300]	 train_loss=6.89956	 acc1=0.825 acc5=3.048
[2023-01-31 04:12:08,702][train.py][line:131][INFO] Epoch:[23/300]	 val_loss=6.77644	 acc1=1.335 acc5=4.735
[2023-01-31 04:27:24,410][train.py][line:128][INFO] Epoch:[24/300]	 train_loss=6.81674	 acc1=0.948 acc5=3.563
[2023-01-31 04:27:54,552][train.py][line:131][INFO] Epoch:[24/300]	 val_loss=6.69614	 acc1=1.573 acc5=5.260
[2023-01-31 04:43:10,415][train.py][line:128][INFO] Epoch:[25/300]	 train_loss=6.72757	 acc1=1.024 acc5=4.005
[2023-01-31 04:43:40,599][train.py][line:131][INFO] Epoch:[25/300]	 val_loss=6.60725	 acc1=2.098 acc5=6.404
[2023-01-31 04:58:56,046][train.py][line:128][INFO] Epoch:[26/300]	 train_loss=6.63465	 acc1=1.250 acc5=4.813
[2023-01-31 04:59:26,309][train.py][line:131][INFO] Epoch:[26/300]	 val_loss=6.53781	 acc1=2.431 acc5=6.754
[2023-01-31 05:14:41,862][train.py][line:128][INFO] Epoch:[27/300]	 train_loss=6.54463	 acc1=1.589 acc5=5.392
[2023-01-31 05:15:12,001][train.py][line:131][INFO] Epoch:[27/300]	 val_loss=6.44049	 acc1=2.368 acc5=7.866
[2023-01-31 05:30:26,476][train.py][line:128][INFO] Epoch:[28/300]	 train_loss=6.44734	 acc1=1.843 acc5=6.295
[2023-01-31 05:30:56,618][train.py][line:131][INFO] Epoch:[28/300]	 val_loss=6.33438	 acc1=3.051 acc5=8.740
[2023-01-31 05:46:12,570][train.py][line:128][INFO] Epoch:[29/300]	 train_loss=6.35297	 acc1=2.055 acc5=7.246
[2023-01-31 05:46:42,699][train.py][line:131][INFO] Epoch:[29/300]	 val_loss=6.26064	 acc1=3.401 acc5=10.218
[2023-01-31 06:01:58,567][train.py][line:128][INFO] Epoch:[30/300]	 train_loss=6.24996	 acc1=2.520 acc5=8.112
[2023-01-31 06:02:28,717][train.py][line:131][INFO] Epoch:[30/300]	 val_loss=6.15765	 acc1=3.687 acc5=11.505
[2023-01-31 06:17:44,354][train.py][line:128][INFO] Epoch:[31/300]	 train_loss=6.15183	 acc1=2.963 acc5=9.197
[2023-01-31 06:18:14,613][train.py][line:131][INFO] Epoch:[31/300]	 val_loss=6.06646	 acc1=4.402 acc5=12.045
[2023-01-31 06:33:30,281][train.py][line:128][INFO] Epoch:[32/300]	 train_loss=6.05667	 acc1=3.088 acc5=10.144
[2023-01-31 06:34:00,433][train.py][line:131][INFO] Epoch:[32/300]	 val_loss=5.97435	 acc1=4.878 acc5=13.666
[2023-01-31 06:49:16,009][train.py][line:128][INFO] Epoch:[33/300]	 train_loss=5.94639	 acc1=3.738 acc5=11.604
[2023-01-31 06:49:46,132][train.py][line:131][INFO] Epoch:[33/300]	 val_loss=5.86297	 acc1=5.498 acc5=15.128
[2023-01-31 07:05:01,899][train.py][line:128][INFO] Epoch:[34/300]	 train_loss=5.83928	 acc1=4.474 acc5=12.943
[2023-01-31 07:05:32,030][train.py][line:131][INFO] Epoch:[34/300]	 val_loss=5.75917	 acc1=6.324 acc5=16.971
[2023-01-31 07:20:47,757][train.py][line:128][INFO] Epoch:[35/300]	 train_loss=5.72970	 acc1=4.808 acc5=14.353
[2023-01-31 07:21:17,906][train.py][line:131][INFO] Epoch:[35/300]	 val_loss=5.67634	 acc1=7.071 acc5=17.241
[2023-01-31 07:36:33,695][train.py][line:128][INFO] Epoch:[36/300]	 train_loss=5.61847	 acc1=5.636 acc5=15.731
[2023-01-31 07:37:03,830][train.py][line:131][INFO] Epoch:[36/300]	 val_loss=5.60155	 acc1=7.675 acc5=18.926
[2023-01-31 07:52:19,708][train.py][line:128][INFO] Epoch:[37/300]	 train_loss=5.51005	 acc1=6.210 acc5=17.237
[2023-01-31 07:52:49,835][train.py][line:131][INFO] Epoch:[37/300]	 val_loss=5.47098	 acc1=8.899 acc5=21.754
[2023-01-31 08:08:06,046][train.py][line:128][INFO] Epoch:[38/300]	 train_loss=5.39437	 acc1=7.245 acc5=19.387
[2023-01-31 08:08:36,248][train.py][line:131][INFO] Epoch:[38/300]	 val_loss=5.38768	 acc1=9.169 acc5=21.818
[2023-01-31 08:23:52,194][train.py][line:128][INFO] Epoch:[39/300]	 train_loss=5.27321	 acc1=7.940 acc5=21.264
[2023-01-31 08:24:22,306][train.py][line:131][INFO] Epoch:[39/300]	 val_loss=5.27274	 acc1=10.075 acc5=24.122
[2023-01-31 08:39:38,016][train.py][line:128][INFO] Epoch:[40/300]	 train_loss=5.16870	 acc1=8.753 acc5=22.594
[2023-01-31 08:40:08,149][train.py][line:131][INFO] Epoch:[40/300]	 val_loss=5.20535	 acc1=11.235 acc5=25.107
[2023-01-31 08:55:24,342][train.py][line:128][INFO] Epoch:[41/300]	 train_loss=5.05054	 acc1=9.701 acc5=24.612
[2023-01-31 08:55:54,476][train.py][line:131][INFO] Epoch:[41/300]	 val_loss=5.04146	 acc1=12.871 acc5=27.507
[2023-01-31 09:11:10,743][train.py][line:128][INFO] Epoch:[42/300]	 train_loss=4.94082	 acc1=10.836 acc5=26.402
[2023-01-31 09:11:40,950][train.py][line:131][INFO] Epoch:[42/300]	 val_loss=4.97195	 acc1=13.253 acc5=29.016
[2023-01-31 09:27:03,604][train.py][line:128][INFO] Epoch:[43/300]	 train_loss=4.82078	 acc1=11.735 acc5=28.597
[2023-01-31 09:27:33,700][train.py][line:131][INFO] Epoch:[43/300]	 val_loss=4.84575	 acc1=14.810 acc5=30.971
[2023-01-31 09:42:50,318][train.py][line:128][INFO] Epoch:[44/300]	 train_loss=4.70177	 acc1=13.045 acc5=30.742
[2023-01-31 09:43:20,548][train.py][line:131][INFO] Epoch:[44/300]	 val_loss=4.79436	 acc1=15.334 acc5=31.654
[2023-01-31 09:58:35,894][train.py][line:128][INFO] Epoch:[45/300]	 train_loss=4.58772	 acc1=14.256 acc5=32.501
[2023-01-31 09:59:05,989][train.py][line:131][INFO] Epoch:[45/300]	 val_loss=4.68336	 acc1=16.765 acc5=33.370
[2023-01-31 10:14:21,551][train.py][line:128][INFO] Epoch:[46/300]	 train_loss=4.47955	 acc1=15.462 acc5=34.721
[2023-01-31 10:14:51,687][train.py][line:131][INFO] Epoch:[46/300]	 val_loss=4.68592	 acc1=16.256 acc5=33.180
[2023-01-31 10:30:06,011][train.py][line:128][INFO] Epoch:[47/300]	 train_loss=4.36389	 acc1=16.689 acc5=36.739
[2023-01-31 10:30:36,110][train.py][line:131][INFO] Epoch:[47/300]	 val_loss=4.54926	 acc1=17.734 acc5=35.897
[2023-01-31 10:45:51,219][train.py][line:128][INFO] Epoch:[48/300]	 train_loss=4.23708	 acc1=18.363 acc5=38.988
[2023-01-31 10:46:21,344][train.py][line:131][INFO] Epoch:[48/300]	 val_loss=4.47434	 acc1=18.227 acc5=36.755
[2023-01-31 11:01:36,708][train.py][line:128][INFO] Epoch:[49/300]	 train_loss=4.12435	 acc1=19.901 acc5=41.137
[2023-01-31 11:02:06,798][train.py][line:131][INFO] Epoch:[49/300]	 val_loss=4.25955	 acc1=21.675 acc5=40.966
[2023-01-31 11:17:22,077][train.py][line:128][INFO] Epoch:[50/300]	 train_loss=4.00997	 acc1=21.402 acc5=43.380
[2023-01-31 11:17:52,214][train.py][line:131][INFO] Epoch:[50/300]	 val_loss=4.20962	 acc1=22.056 acc5=41.649
[2023-01-31 11:33:07,798][train.py][line:128][INFO] Epoch:[51/300]	 train_loss=3.89906	 acc1=22.799 acc5=45.304
[2023-01-31 11:33:37,964][train.py][line:131][INFO] Epoch:[51/300]	 val_loss=4.23736	 acc1=21.389 acc5=40.839
[2023-01-31 11:48:52,120][train.py][line:128][INFO] Epoch:[52/300]	 train_loss=3.79149	 acc1=24.063 acc5=47.186
[2023-01-31 11:49:22,327][train.py][line:131][INFO] Epoch:[52/300]	 val_loss=4.16119	 acc1=22.231 acc5=41.411
[2023-01-31 12:04:38,008][train.py][line:128][INFO] Epoch:[53/300]	 train_loss=3.69018	 acc1=25.625 acc5=49.160
[2023-01-31 12:05:08,189][train.py][line:131][INFO] Epoch:[53/300]	 val_loss=3.98334	 acc1=24.519 acc5=45.098
[2023-01-31 12:20:23,777][train.py][line:128][INFO] Epoch:[54/300]	 train_loss=3.57098	 acc1=27.231 acc5=51.440
[2023-01-31 12:20:53,941][train.py][line:131][INFO] Epoch:[54/300]	 val_loss=3.88619	 acc1=26.744 acc5=46.862
[2023-01-31 12:36:09,611][train.py][line:128][INFO] Epoch:[55/300]	 train_loss=3.46484	 acc1=28.691 acc5=53.244
[2023-01-31 12:36:39,773][train.py][line:131][INFO] Epoch:[55/300]	 val_loss=3.80962	 acc1=27.729 acc5=48.085
[2023-01-31 12:51:55,103][train.py][line:128][INFO] Epoch:[56/300]	 train_loss=3.35817	 acc1=30.576 acc5=55.051
[2023-01-31 12:52:25,224][train.py][line:131][INFO] Epoch:[56/300]	 val_loss=3.67948	 acc1=29.493 acc5=50.405
[2023-01-31 13:07:40,644][train.py][line:128][INFO] Epoch:[57/300]	 train_loss=3.24706	 acc1=32.224 acc5=57.277
[2023-01-31 13:08:10,900][train.py][line:131][INFO] Epoch:[57/300]	 val_loss=3.99356	 acc1=25.091 acc5=44.494
[2023-01-31 13:23:24,935][train.py][line:128][INFO] Epoch:[58/300]	 train_loss=3.14431	 acc1=33.938 acc5=59.094
[2023-01-31 13:23:55,077][train.py][line:131][INFO] Epoch:[58/300]	 val_loss=3.52277	 acc1=32.099 acc5=52.455
[2023-01-31 13:39:10,404][train.py][line:128][INFO] Epoch:[59/300]	 train_loss=3.05280	 acc1=35.201 acc5=60.745
[2023-01-31 13:39:40,540][train.py][line:131][INFO] Epoch:[59/300]	 val_loss=3.59365	 acc1=31.114 acc5=52.026
[2023-01-31 13:54:54,617][train.py][line:128][INFO] Epoch:[60/300]	 train_loss=2.94958	 acc1=36.945 acc5=62.393
[2023-01-31 13:55:24,752][train.py][line:131][INFO] Epoch:[60/300]	 val_loss=3.45376	 acc1=32.925 acc5=54.187
[2023-01-31 14:10:39,602][train.py][line:128][INFO] Epoch:[61/300]	 train_loss=2.84720	 acc1=38.609 acc5=64.266
[2023-01-31 14:11:09,678][train.py][line:131][INFO] Epoch:[61/300]	 val_loss=3.37194	 acc1=34.975 acc5=55.300
[2023-01-31 14:26:24,774][train.py][line:128][INFO] Epoch:[62/300]	 train_loss=2.76802	 acc1=39.800 acc5=65.573
[2023-01-31 14:26:54,899][train.py][line:131][INFO] Epoch:[62/300]	 val_loss=3.26206	 acc1=36.247 acc5=57.429
[2023-01-31 14:42:09,671][train.py][line:128][INFO] Epoch:[63/300]	 train_loss=2.66732	 acc1=41.722 acc5=67.610
[2023-01-31 14:42:39,800][train.py][line:131][INFO] Epoch:[63/300]	 val_loss=3.40736	 acc1=34.324 acc5=55.490
[2023-01-31 14:57:53,711][train.py][line:128][INFO] Epoch:[64/300]	 train_loss=2.57342	 acc1=43.341 acc5=69.190
[2023-01-31 14:58:23,818][train.py][line:131][INFO] Epoch:[64/300]	 val_loss=3.22043	 acc1=36.930 acc5=58.239
[2023-01-31 15:13:38,956][train.py][line:128][INFO] Epoch:[65/300]	 train_loss=2.47114	 acc1=45.151 acc5=70.765
[2023-01-31 15:14:09,065][train.py][line:131][INFO] Epoch:[65/300]	 val_loss=3.30782	 acc1=35.802 acc5=57.063
[2023-01-31 15:29:22,988][train.py][line:128][INFO] Epoch:[66/300]	 train_loss=2.39522	 acc1=46.657 acc5=72.084
[2023-01-31 15:29:53,167][train.py][line:131][INFO] Epoch:[66/300]	 val_loss=3.13328	 acc1=38.487 acc5=59.701
[2023-01-31 15:45:10,520][train.py][line:128][INFO] Epoch:[67/300]	 train_loss=2.30524	 acc1=48.265 acc5=73.592
[2023-01-31 15:45:40,671][train.py][line:131][INFO] Epoch:[67/300]	 val_loss=3.03179	 acc1=39.854 acc5=61.402
[2023-01-31 16:00:57,005][train.py][line:128][INFO] Epoch:[68/300]	 train_loss=2.21292	 acc1=49.997 acc5=75.105
[2023-01-31 16:01:27,195][train.py][line:131][INFO] Epoch:[68/300]	 val_loss=3.11487	 acc1=38.519 acc5=60.321
[2023-01-31 16:16:42,483][train.py][line:128][INFO] Epoch:[69/300]	 train_loss=2.13557	 acc1=51.392 acc5=76.303
[2023-01-31 16:17:12,648][train.py][line:131][INFO] Epoch:[69/300]	 val_loss=3.19830	 acc1=38.297 acc5=58.891
[2023-01-31 16:32:27,673][train.py][line:128][INFO] Epoch:[70/300]	 train_loss=2.05643	 acc1=52.939 acc5=77.609
[2023-01-31 16:32:57,869][train.py][line:131][INFO] Epoch:[70/300]	 val_loss=2.88340	 acc1=42.952 acc5=63.833
[2023-01-31 16:48:14,225][train.py][line:128][INFO] Epoch:[71/300]	 train_loss=1.97678	 acc1=54.615 acc5=78.875
[2023-01-31 16:48:44,455][train.py][line:131][INFO] Epoch:[71/300]	 val_loss=2.88505	 acc1=42.746 acc5=63.563
[2023-01-31 17:03:59,560][train.py][line:128][INFO] Epoch:[72/300]	 train_loss=1.89536	 acc1=56.218 acc5=80.094
[2023-01-31 17:04:29,740][train.py][line:131][INFO] Epoch:[72/300]	 val_loss=2.89196	 acc1=43.175 acc5=63.531
[2023-01-31 17:19:46,193][train.py][line:128][INFO] Epoch:[73/300]	 train_loss=1.82690	 acc1=57.318 acc5=81.192
[2023-01-31 17:20:16,432][train.py][line:131][INFO] Epoch:[73/300]	 val_loss=2.83167	 acc1=44.669 acc5=64.977
[2023-01-31 17:35:32,690][train.py][line:128][INFO] Epoch:[74/300]	 train_loss=1.76009	 acc1=58.557 acc5=82.207
[2023-01-31 17:36:02,844][train.py][line:131][INFO] Epoch:[74/300]	 val_loss=2.95394	 acc1=41.411 acc5=62.895
[2023-01-31 17:51:17,648][train.py][line:128][INFO] Epoch:[75/300]	 train_loss=1.68357	 acc1=60.298 acc5=83.415
[2023-01-31 17:51:47,777][train.py][line:131][INFO] Epoch:[75/300]	 val_loss=2.70651	 acc1=46.385 acc5=67.059
[2023-01-31 18:07:04,415][train.py][line:128][INFO] Epoch:[76/300]	 train_loss=1.60818	 acc1=61.714 acc5=84.563
[2023-01-31 18:07:34,570][train.py][line:131][INFO] Epoch:[76/300]	 val_loss=2.92689	 acc1=43.127 acc5=64.310
[2023-01-31 18:22:49,138][train.py][line:128][INFO] Epoch:[77/300]	 train_loss=1.55496	 acc1=63.005 acc5=85.225
[2023-01-31 18:23:19,249][train.py][line:131][INFO] Epoch:[77/300]	 val_loss=2.85082	 acc1=45.447 acc5=64.898
[2023-01-31 18:38:34,491][train.py][line:128][INFO] Epoch:[78/300]	 train_loss=1.48359	 acc1=64.234 acc5=86.351
[2023-01-31 18:39:04,855][train.py][line:131][INFO] Epoch:[78/300]	 val_loss=2.76453	 acc1=45.527 acc5=66.741
[2023-01-31 18:54:19,623][train.py][line:128][INFO] Epoch:[79/300]	 train_loss=1.42095	 acc1=65.708 acc5=87.206
[2023-01-31 18:54:49,753][train.py][line:131][INFO] Epoch:[79/300]	 val_loss=2.89426	 acc1=43.731 acc5=64.484
[2023-01-31 19:10:04,739][train.py][line:128][INFO] Epoch:[80/300]	 train_loss=1.36982	 acc1=66.669 acc5=87.863
[2023-01-31 19:10:34,888][train.py][line:131][INFO] Epoch:[80/300]	 val_loss=2.65233	 acc1=47.561 acc5=68.171
[2023-01-31 19:25:51,265][train.py][line:128][INFO] Epoch:[81/300]	 train_loss=1.31195	 acc1=68.067 acc5=88.675
[2023-01-31 19:26:21,499][train.py][line:131][INFO] Epoch:[81/300]	 val_loss=2.60136	 acc1=48.260 acc5=69.013
[2023-01-31 19:41:37,712][train.py][line:128][INFO] Epoch:[82/300]	 train_loss=1.23964	 acc1=69.517 acc5=89.627
[2023-01-31 19:42:07,920][train.py][line:131][INFO] Epoch:[82/300]	 val_loss=2.68180	 acc1=48.053 acc5=68.123
[2023-01-31 19:57:22,798][train.py][line:128][INFO] Epoch:[83/300]	 train_loss=1.19588	 acc1=70.331 acc5=90.260
[2023-01-31 19:57:52,935][train.py][line:131][INFO] Epoch:[83/300]	 val_loss=2.93336	 acc1=43.906 acc5=65.438
[2023-01-31 20:13:07,843][train.py][line:128][INFO] Epoch:[84/300]	 train_loss=1.14869	 acc1=71.493 acc5=90.825
[2023-01-31 20:13:38,021][train.py][line:131][INFO] Epoch:[84/300]	 val_loss=2.63519	 acc1=48.371 acc5=68.934
[2023-01-31 20:28:54,117][train.py][line:128][INFO] Epoch:[85/300]	 train_loss=1.09289	 acc1=72.759 acc5=91.622
[2023-01-31 20:29:24,236][train.py][line:131][INFO] Epoch:[85/300]	 val_loss=2.61711	 acc1=49.913 acc5=69.538
[2023-01-31 20:44:40,443][train.py][line:128][INFO] Epoch:[86/300]	 train_loss=1.03575	 acc1=74.014 acc5=92.265
[2023-01-31 20:45:10,600][train.py][line:131][INFO] Epoch:[86/300]	 val_loss=3.06403	 acc1=41.999 acc5=63.197
[2023-01-31 21:00:25,354][train.py][line:128][INFO] Epoch:[87/300]	 train_loss=0.98870	 acc1=74.839 acc5=92.973
[2023-01-31 21:00:55,514][train.py][line:131][INFO] Epoch:[87/300]	 val_loss=2.56591	 acc1=50.294 acc5=70.396
[2023-01-31 21:16:27,030][train.py][line:128][INFO] Epoch:[88/300]	 train_loss=0.94739	 acc1=75.877 acc5=93.386
[2023-01-31 21:16:57,140][train.py][line:131][INFO] Epoch:[88/300]	 val_loss=2.59355	 acc1=50.072 acc5=70.221
[2023-01-31 21:32:14,401][train.py][line:128][INFO] Epoch:[89/300]	 train_loss=0.90069	 acc1=77.094 acc5=93.924
[2023-01-31 21:32:44,663][train.py][line:131][INFO] Epoch:[89/300]	 val_loss=2.66964	 acc1=49.452 acc5=69.347
[2023-01-31 21:48:00,045][train.py][line:128][INFO] Epoch:[90/300]	 train_loss=0.84939	 acc1=78.224 acc5=94.498
[2023-01-31 21:48:30,211][train.py][line:131][INFO] Epoch:[90/300]	 val_loss=2.77319	 acc1=47.958 acc5=68.330
[2023-01-31 22:03:45,139][train.py][line:128][INFO] Epoch:[91/300]	 train_loss=0.81713	 acc1=78.766 acc5=94.802
[2023-01-31 22:04:15,359][train.py][line:131][INFO] Epoch:[91/300]	 val_loss=2.81640	 acc1=47.640 acc5=67.933
[2023-01-31 22:19:30,683][train.py][line:128][INFO] Epoch:[92/300]	 train_loss=0.76901	 acc1=80.067 acc5=95.374
[2023-01-31 22:20:00,894][train.py][line:131][INFO] Epoch:[92/300]	 val_loss=2.60175	 acc1=51.597 acc5=71.095
[2023-01-31 22:35:17,690][train.py][line:128][INFO] Epoch:[93/300]	 train_loss=0.73705	 acc1=80.736 acc5=95.637
[2023-01-31 22:35:47,954][train.py][line:131][INFO] Epoch:[93/300]	 val_loss=2.70918	 acc1=50.532 acc5=69.299
[2023-01-31 22:51:03,174][train.py][line:128][INFO] Epoch:[94/300]	 train_loss=0.70224	 acc1=81.663 acc5=95.928
[2023-01-31 22:51:33,416][train.py][line:131][INFO] Epoch:[94/300]	 val_loss=2.66490	 acc1=49.881 acc5=70.110
[2023-01-31 23:06:48,805][train.py][line:128][INFO] Epoch:[95/300]	 train_loss=0.67053	 acc1=82.355 acc5=96.440
[2023-01-31 23:07:18,989][train.py][line:131][INFO] Epoch:[95/300]	 val_loss=3.08418	 acc1=46.162 acc5=65.994
[2023-01-31 23:22:33,732][train.py][line:128][INFO] Epoch:[96/300]	 train_loss=0.63732	 acc1=83.143 acc5=96.703
[2023-01-31 23:23:03,915][train.py][line:131][INFO] Epoch:[96/300]	 val_loss=2.59812	 acc1=52.010 acc5=71.111
[2023-01-31 23:38:19,845][train.py][line:128][INFO] Epoch:[97/300]	 train_loss=0.60913	 acc1=83.879 acc5=96.928
[2023-01-31 23:38:50,126][train.py][line:131][INFO] Epoch:[97/300]	 val_loss=2.95643	 acc1=48.403 acc5=68.330
[2023-01-31 23:54:05,139][train.py][line:128][INFO] Epoch:[98/300]	 train_loss=0.57666	 acc1=84.730 acc5=97.145
[2023-01-31 23:54:35,328][train.py][line:131][INFO] Epoch:[98/300]	 val_loss=2.75379	 acc1=49.452 acc5=69.490
[2023-02-01 00:09:50,048][train.py][line:128][INFO] Epoch:[99/300]	 train_loss=0.55033	 acc1=85.235 acc5=97.530
[2023-02-01 00:10:20,220][train.py][line:131][INFO] Epoch:[99/300]	 val_loss=3.21239	 acc1=44.828 acc5=65.263
[2023-02-01 00:25:35,011][train.py][line:128][INFO] Epoch:[100/300]	 train_loss=0.52102	 acc1=86.256 acc5=97.694
[2023-02-01 00:26:05,270][train.py][line:131][INFO] Epoch:[100/300]	 val_loss=2.86281	 acc1=48.800 acc5=68.759
[2023-02-01 00:41:20,623][train.py][line:128][INFO] Epoch:[101/300]	 train_loss=0.49808	 acc1=86.764 acc5=97.925
[2023-02-01 00:41:50,749][train.py][line:131][INFO] Epoch:[101/300]	 val_loss=3.97946	 acc1=36.755 acc5=57.937
[2023-02-01 00:47:20,763][base_events.py][line:1707][ERROR] Task was destroyed but it is pending!
task: <Task pending name='Task-1' coro=<Kernel.poll_control_queue() running at /home/acxyle/anaconda3/envs/Vision/lib/python3.8/site-packages/ipykernel/kernelbase.py:279> wait_for=<Future finished result=<Future at 0x...state=pending>> cb=[_chain_future.<locals>._call_set_state() at /home/acxyle/anaconda3/envs/Vision/lib/python3.8/asyncio/futures.py:367]>
